1643439023729	geckodriver	INFO	Listening on 127.0.0.1:35531
1643439024682	mozrunner::runner	INFO	Running command: "/usr/bin/firefox" "--marionette" "-no-remote" "-profile" "/tmp/rust_mozprofilekWoZp9"
1643439031025	Marionette	INFO	Marionette enabled
console.warn: SearchSettings: "get: No settings file exists, new profile?" (new NotFoundError("Could not open the file at /tmp/rust_mozprofilekWoZp9/search.json.mozlz4", (void 0)))
1643439039066	Marionette	INFO	Listening on port 42731
1643439039465	RemoteAgent	WARN	TLS certificate errors will be ignored for this session
1643439116836	Marionette	INFO	Stopped listening on port 42731
JavaScript error: chrome://remote/content/marionette/cert.js, line 55: NS_ERROR_NOT_AVAILABLE: Component returned failure code: 0x80040111 (NS_ERROR_NOT_AVAILABLE) [nsICertOverrideService.setDisableAllSecurityChecksAndLetAttackersInterceptMyData]
console.warn: TopSitesFeed: Failed to fetch data from Contile server: NetworkError when attempting to fetch resource.

###!!! [Parent][RunMessage] Error: Channel closing: too late to send/recv, messages will be lost

1643439163968	geckodriver	INFO	Listening on 127.0.0.1:50109
1643439163976	mozrunner::runner	INFO	Running command: "/usr/bin/firefox" "--marionette" "-no-remote" "-profile" "/tmp/rust_mozprofilehZrf3S"
1643439166177	Marionette	INFO	Marionette enabled
console.warn: SearchSettings: "get: No settings file exists, new profile?" (new NotFoundError("Could not open the file at /tmp/rust_mozprofilehZrf3S/search.json.mozlz4", (void 0)))
1643439169448	Marionette	INFO	Listening on port 35127
1643439169604	RemoteAgent	WARN	TLS certificate errors will be ignored for this session
1643439191059	Marionette	INFO	Stopped listening on port 35127
JavaScript error: chrome://remote/content/marionette/cert.js, line 55: NS_ERROR_NOT_AVAILABLE: Component returned failure code: 0x80040111 (NS_ERROR_NOT_AVAILABLE) [nsICertOverrideService.setDisableAllSecurityChecksAndLetAttackersInterceptMyData]
console.warn: TopSitesFeed: Failed to fetch data from Contile server: NetworkError when attempting to fetch resource.
1643439192456	geckodriver	INFO	Listening on 127.0.0.1:32973
1643439192464	mozrunner::runner	INFO	Running command: "/usr/bin/firefox" "--marionette" "-no-remote" "-profile" "/tmp/rust_mozprofile3gzT1y"
1643439194843	Marionette	INFO	Marionette enabled
console.warn: SearchSettings: "get: No settings file exists, new profile?" (new NotFoundError("Could not open the file at /tmp/rust_mozprofile3gzT1y/search.json.mozlz4", (void 0)))
1643439197937	Marionette	INFO	Listening on port 43231
1643439198010	RemoteAgent	WARN	TLS certificate errors will be ignored for this session
1643439209862	Marionette	INFO	Stopped listening on port 43231
console.warn: TopSitesFeed: Failed to fetch data from Contile server: NetworkError when attempting to fetch resource.

###!!! [Parent][RunMessage] Error: Channel closing: too late to send/recv, messages will be lost

1643439570958	geckodriver	INFO	Listening on 127.0.0.1:54389
1643439570967	mozrunner::runner	INFO	Running command: "/usr/bin/firefox" "--marionette" "-no-remote" "-profile" "/tmp/rust_mozprofileWQ7XWc"
1643439573299	Marionette	INFO	Marionette enabled
console.warn: SearchSettings: "get: No settings file exists, new profile?" (new NotFoundError("Could not open the file at /tmp/rust_mozprofileWQ7XWc/search.json.mozlz4", (void 0)))
1643439576490	Marionette	INFO	Listening on port 43563
1643439576770	RemoteAgent	WARN	TLS certificate errors will be ignored for this session
1643439577995	Marionette	INFO	Stopped listening on port 43563
console.warn: TopSitesFeed: Failed to fetch data from Contile server: NetworkError when attempting to fetch resource.
1643439589914	geckodriver	INFO	Listening on 127.0.0.1:60769
1643439589922	mozrunner::runner	INFO	Running command: "/usr/bin/firefox" "--marionette" "-no-remote" "-profile" "/tmp/rust_mozprofile5YrgJf"
1643439592097	Marionette	INFO	Marionette enabled
console.warn: SearchSettings: "get: No settings file exists, new profile?" (new NotFoundError("Could not open the file at /tmp/rust_mozprofile5YrgJf/search.json.mozlz4", (void 0)))
1643439595242	Marionette	INFO	Listening on port 36037
1643439595456	RemoteAgent	WARN	TLS certificate errors will be ignored for this session
1643439600083	Marionette	INFO	Stopped listening on port 36037
console.warn: TopSitesFeed: Failed to fetch data from Contile server: NetworkError when attempting to fetch resource.
1643439625677	geckodriver	INFO	Listening on 127.0.0.1:43681
1643439625685	mozrunner::runner	INFO	Running command: "/usr/bin/firefox" "--marionette" "-no-remote" "-profile" "/tmp/rust_mozprofilehOnXLz"
1643439628172	Marionette	INFO	Marionette enabled
console.warn: SearchSettings: "get: No settings file exists, new profile?" (new NotFoundError("Could not open the file at /tmp/rust_mozprofilehOnXLz/search.json.mozlz4", (void 0)))
1643439631478	Marionette	INFO	Listening on port 37597
1643439631685	RemoteAgent	WARN	TLS certificate errors will be ignored for this session
1643439639973	Marionette	INFO	Stopped listening on port 37597
console.warn: TopSitesFeed: Failed to fetch data from Contile server: NetworkError when attempting to fetch resource.

###!!! [Parent][RunMessage] Error: Channel closing: too late to send/recv, messages will be lost

1643439670069	geckodriver	INFO	Listening on 127.0.0.1:46857
1643439670077	mozrunner::runner	INFO	Running command: "/usr/bin/firefox" "--marionette" "-no-remote" "-profile" "/tmp/rust_mozprofile4CVxc0"
1643439672365	Marionette	INFO	Marionette enabled
console.warn: SearchSettings: "get: No settings file exists, new profile?" (new NotFoundError("Could not open the file at /tmp/rust_mozprofile4CVxc0/search.json.mozlz4", (void 0)))
1643439675625	Marionette	INFO	Listening on port 40053
1643439675841	RemoteAgent	WARN	TLS certificate errors will be ignored for this session
Marionette threw an error: TypeError: chromeWindow is null
waitForNavigationCompleted@chrome://remote/content/marionette/navigate.js:349:3
GeckoDriver.prototype.navigateTo@chrome://remote/content/marionette/driver.js:841:18
observe@resource://gre/modules/AsyncShutdown.jsm:575:16

1643439682863	Marionette	INFO	Stopped listening on port 40053
JavaScript error: chrome://remote/content/marionette/cert.js, line 55: NS_ERROR_NOT_AVAILABLE: Component returned failure code: 0x80040111 (NS_ERROR_NOT_AVAILABLE) [nsICertOverrideService.setDisableAllSecurityChecksAndLetAttackersInterceptMyData]

###!!! [Parent][RunMessage] Error: Channel closing: too late to send/recv, messages will be lost

1643439753216	geckodriver	INFO	Listening on 127.0.0.1:33433
1643439753224	mozrunner::runner	INFO	Running command: "/usr/bin/firefox" "--marionette" "-no-remote" "-profile" "/tmp/rust_mozprofilezUbq8p"
1643439755467	Marionette	INFO	Marionette enabled
console.warn: SearchSettings: "get: No settings file exists, new profile?" (new NotFoundError("Could not open the file at /tmp/rust_mozprofilezUbq8p/search.json.mozlz4", (void 0)))
1643439758928	Marionette	INFO	Listening on port 45187
1643439759012	RemoteAgent	WARN	TLS certificate errors will be ignored for this session
1643439774581	Marionette	INFO	Stopped listening on port 45187
JavaScript error: chrome://remote/content/marionette/cert.js, line 55: NS_ERROR_NOT_AVAILABLE: Component returned failure code: 0x80040111 (NS_ERROR_NOT_AVAILABLE) [nsICertOverrideService.setDisableAllSecurityChecksAndLetAttackersInterceptMyData]
console.warn: TopSitesFeed: Failed to fetch data from Contile server: NetworkError when attempting to fetch resource.
1643440399378	geckodriver	INFO	Listening on 127.0.0.1:39655
1643440399386	mozrunner::runner	INFO	Running command: "/usr/bin/firefox" "--marionette" "-no-remote" "-profile" "/tmp/rust_mozprofilegy3SFV"
1643440401693	Marionette	INFO	Marionette enabled
console.warn: SearchSettings: "get: No settings file exists, new profile?" (new NotFoundError("Could not open the file at /tmp/rust_mozprofilegy3SFV/search.json.mozlz4", (void 0)))
1643440404882	Marionette	INFO	Listening on port 40001
1643440404934	RemoteAgent	WARN	TLS certificate errors will be ignored for this session
1643440412115	Marionette	INFO	Stopped listening on port 40001
console.warn: TopSitesFeed: Failed to fetch data from Contile server: NetworkError when attempting to fetch resource.
1643440417195	geckodriver	INFO	Listening on 127.0.0.1:35381
1643440417203	mozrunner::runner	INFO	Running command: "/usr/bin/firefox" "--marionette" "-no-remote" "-profile" "/tmp/rust_mozprofileGDYBom"
1643440419425	Marionette	INFO	Marionette enabled
console.warn: SearchSettings: "get: No settings file exists, new profile?" (new NotFoundError("Could not open the file at /tmp/rust_mozprofileGDYBom/search.json.mozlz4", (void 0)))
1643440422777	Marionette	INFO	Listening on port 44085
1643440423024	RemoteAgent	WARN	TLS certificate errors will be ignored for this session
1643440444052	Marionette	INFO	Stopped listening on port 44085
console.warn: TopSitesFeed: Failed to fetch data from Contile server: NetworkError when attempting to fetch resource.
JavaScript error: chrome://remote/content/marionette/cert.js, line 55: NS_ERROR_NOT_AVAILABLE: Component returned failure code: 0x80040111 (NS_ERROR_NOT_AVAILABLE) [nsICertOverrideService.setDisableAllSecurityChecksAndLetAttackersInterceptMyData]
1643440450101	geckodriver	INFO	Listening on 127.0.0.1:41237
1643440450108	mozrunner::runner	INFO	Running command: "/usr/bin/firefox" "--marionette" "-no-remote" "-profile" "/tmp/rust_mozprofileHEw2Mu"
1643440452357	Marionette	INFO	Marionette enabled
console.warn: SearchSettings: "get: No settings file exists, new profile?" (new NotFoundError("Could not open the file at /tmp/rust_mozprofileHEw2Mu/search.json.mozlz4", (void 0)))
1643440455793	Marionette	INFO	Listening on port 38683
1643440455969	RemoteAgent	WARN	TLS certificate errors will be ignored for this session
1643440468261	Marionette	INFO	Stopped listening on port 38683
console.warn: TopSitesFeed: Failed to fetch data from Contile server: NetworkError when attempting to fetch resource.
1643440516141	geckodriver	INFO	Listening on 127.0.0.1:55437
1643440516149	mozrunner::runner	INFO	Running command: "/usr/bin/firefox" "--marionette" "-no-remote" "-profile" "/tmp/rust_mozprofileyvcPl8"
1643440518375	Marionette	INFO	Marionette enabled
console.warn: SearchSettings: "get: No settings file exists, new profile?" (new NotFoundError("Could not open the file at /tmp/rust_mozprofileyvcPl8/search.json.mozlz4", (void 0)))
1643440521675	Marionette	INFO	Listening on port 41591
1643440521971	RemoteAgent	WARN	TLS certificate errors will be ignored for this session
1643440533649	Marionette	INFO	Stopped listening on port 41591
console.warn: TopSitesFeed: Failed to fetch data from Contile server: NetworkError when attempting to fetch resource.

###!!! [Parent][RunMessage] Error: Channel closing: too late to send/recv, messages will be lost

1643440662028	geckodriver	INFO	Listening on 127.0.0.1:43097
1643440662036	mozrunner::runner	INFO	Running command: "/usr/bin/firefox" "--marionette" "-no-remote" "-profile" "/tmp/rust_mozprofileQdzKIo"
1643440664240	Marionette	INFO	Marionette enabled
console.warn: SearchSettings: "get: No settings file exists, new profile?" (new NotFoundError("Could not open the file at /tmp/rust_mozprofileQdzKIo/search.json.mozlz4", (void 0)))
1643440667459	Marionette	INFO	Listening on port 40061
1643440667596	RemoteAgent	WARN	TLS certificate errors will be ignored for this session
1643440672772	Marionette	INFO	Stopped listening on port 40061

###!!! [Parent][RunMessage] Error: Channel closing: too late to send/recv, messages will be lost

1643440735436	geckodriver	INFO	Listening on 127.0.0.1:37375
1643440735446	mozrunner::runner	INFO	Running command: "/usr/bin/firefox" "--marionette" "-no-remote" "-profile" "/tmp/rust_mozprofilegrSykI"
1643440737648	Marionette	INFO	Marionette enabled
console.warn: SearchSettings: "get: No settings file exists, new profile?" (new NotFoundError("Could not open the file at /tmp/rust_mozprofilegrSykI/search.json.mozlz4", (void 0)))
1643440740938	Marionette	INFO	Listening on port 44917
1643440740994	RemoteAgent	WARN	TLS certificate errors will be ignored for this session
1643440758950	Marionette	INFO	Stopped listening on port 44917
console.warn: TopSitesFeed: Failed to fetch data from Contile server: NetworkError when attempting to fetch resource.
JavaScript error: chrome://remote/content/marionette/cert.js, line 55: NS_ERROR_NOT_AVAILABLE: Component returned failure code: 0x80040111 (NS_ERROR_NOT_AVAILABLE) [nsICertOverrideService.setDisableAllSecurityChecksAndLetAttackersInterceptMyData]
1643440759013	geckodriver::marionette	ERROR	Failed to close browser connection: Transport endpoint is not connected (os error 107)
[2022-01-29T07:19:19Z ERROR glean] Can't persist ping lifetime data: Error { kind: Rkv(IoError(Os { code: 2, kind: NotFound, message: "No such file or directory" })) }
1643440774555	geckodriver	INFO	Listening on 127.0.0.1:60297
1643440774563	mozrunner::runner	INFO	Running command: "/usr/bin/firefox" "--marionette" "-no-remote" "-profile" "/tmp/rust_mozprofilelijAx4"
1643440776776	Marionette	INFO	Marionette enabled
console.warn: SearchSettings: "get: No settings file exists, new profile?" (new NotFoundError("Could not open the file at /tmp/rust_mozprofilelijAx4/search.json.mozlz4", (void 0)))
1643440780148	Marionette	INFO	Listening on port 32861
1643440780223	RemoteAgent	WARN	TLS certificate errors will be ignored for this session
1643440793667	Marionette	INFO	Stopped listening on port 32861
JavaScript error: chrome://remote/content/marionette/cert.js, line 55: NS_ERROR_NOT_AVAILABLE: Component returned failure code: 0x80040111 (NS_ERROR_NOT_AVAILABLE) [nsICertOverrideService.setDisableAllSecurityChecksAndLetAttackersInterceptMyData]
1643440793704	geckodriver::marionette	ERROR	Failed to close browser connection: Transport endpoint is not connected (os error 107)
[2022-01-29T07:19:54Z ERROR glean] Can't persist ping lifetime data: Error { kind: Rkv(IoError(Os { code: 2, kind: NotFound, message: "No such file or directory" })) }
1643440806909	geckodriver	INFO	Listening on 127.0.0.1:43109
1643440806918	mozrunner::runner	INFO	Running command: "/usr/bin/firefox" "--marionette" "-no-remote" "-profile" "/tmp/rust_mozprofileyxTlpG"
1643440809119	Marionette	INFO	Marionette enabled
console.warn: SearchSettings: "get: No settings file exists, new profile?" (new NotFoundError("Could not open the file at /tmp/rust_mozprofileyxTlpG/search.json.mozlz4", (void 0)))
1643440812455	Marionette	INFO	Listening on port 43281
1643440812712	RemoteAgent	WARN	TLS certificate errors will be ignored for this session
1643440831145	Marionette	INFO	Stopped listening on port 43281
console.warn: TopSitesFeed: Failed to fetch data from Contile server: NetworkError when attempting to fetch resource.
JavaScript error: chrome://remote/content/marionette/cert.js, line 55: NS_ERROR_NOT_AVAILABLE: Component returned failure code: 0x80040111 (NS_ERROR_NOT_AVAILABLE) [nsICertOverrideService.setDisableAllSecurityChecksAndLetAttackersInterceptMyData]
1643440831210	geckodriver::marionette	ERROR	Failed to close browser connection: Transport endpoint is not connected (os error 107)
[2022-01-29T07:20:31Z ERROR glean] Can't persist ping lifetime data: Error { kind: Rkv(IoError(Os { code: 2, kind: NotFound, message: "No such file or directory" })) }
1643440851070	geckodriver	INFO	Listening on 127.0.0.1:33141
1643440851078	mozrunner::runner	INFO	Running command: "/usr/bin/firefox" "--marionette" "-no-remote" "-profile" "/tmp/rust_mozprofileJiKxdT"
1643440853296	Marionette	INFO	Marionette enabled
console.warn: SearchSettings: "get: No settings file exists, new profile?" (new NotFoundError("Could not open the file at /tmp/rust_mozprofileJiKxdT/search.json.mozlz4", (void 0)))
1643440856639	Marionette	INFO	Listening on port 41707
1643440856883	RemoteAgent	WARN	TLS certificate errors will be ignored for this session
1643440938419	Marionette	INFO	Stopped listening on port 41707
console.warn: TopSitesFeed: Failed to fetch data from Contile server: NetworkError when attempting to fetch resource.
JavaScript error: chrome://remote/content/marionette/cert.js, line 55: NS_ERROR_NOT_AVAILABLE: Component returned failure code: 0x80040111 (NS_ERROR_NOT_AVAILABLE) [nsICertOverrideService.setDisableAllSecurityChecksAndLetAttackersInterceptMyData]
1643440938476	geckodriver::marionette	ERROR	Failed to close browser connection: Transport endpoint is not connected (os error 107)
[2022-01-29T07:22:18Z ERROR glean] Can't persist ping lifetime data: Error { kind: Rkv(IoError(Os { code: 2, kind: NotFound, message: "No such file or directory" })) }
1643440981458	geckodriver	INFO	Listening on 127.0.0.1:58089
1643440981466	mozrunner::runner	INFO	Running command: "/usr/bin/firefox" "--marionette" "-no-remote" "-profile" "/tmp/rust_mozprofilepJoJtR"
1643440983823	Marionette	INFO	Marionette enabled
console.warn: SearchSettings: "get: No settings file exists, new profile?" (new NotFoundError("Could not open the file at /tmp/rust_mozprofilepJoJtR/search.json.mozlz4", (void 0)))
1643440987095	Marionette	INFO	Listening on port 42075
1643440987348	RemoteAgent	WARN	TLS certificate errors will be ignored for this session
1643441543448	Marionette	INFO	Stopped listening on port 42075
JavaScript error: chrome://remote/content/marionette/cert.js, line 55: NS_ERROR_NOT_AVAILABLE: Component returned failure code: 0x80040111 (NS_ERROR_NOT_AVAILABLE) [nsICertOverrideService.setDisableAllSecurityChecksAndLetAttackersInterceptMyData]
console.warn: TopSitesFeed: Failed to fetch data from Contile server: NetworkError when attempting to fetch resource.
